-------------------------------------------------------------------------------
Test set: GiocoBorsa.arch.LayerContainmentTest
-------------------------------------------------------------------------------
Tests run: 8, Failures: 1, Errors: 0, Skipped: 0, Time elapsed: 0.014 sec <<< FAILURE! - in GiocoBorsa.arch.LayerContainmentTest
GUIs_only_reside_in_the_GUI_layer(GiocoBorsa.arch.LayerContainmentTest)  Time elapsed: 0.001 sec  <<< FAILURE!
java.lang.AssertionError: Architecture Violation [Priority: MEDIUM] - Rule 'no classes that have simple name not ending with 'GUI' should reside in a package 'GiocoBorsa.GUI'' was violated (22 times):
Class <GiocoBorsa.GUI.AcquistoDaListino$1> does reside in a package 'GiocoBorsa.GUI' in (AcquistoDaListino.java:0)
Class <GiocoBorsa.GUI.AcquistoDaListino$2> does reside in a package 'GiocoBorsa.GUI' in (AcquistoDaListino.java:0)
Class <GiocoBorsa.GUI.AcquistoDaListino> does reside in a package 'GiocoBorsa.GUI' in (AcquistoDaListino.java:0)
Class <GiocoBorsa.GUI.GUIMain$1> does reside in a package 'GiocoBorsa.GUI' in (GUIMain.java:0)
Class <GiocoBorsa.GUI.GUIMain> does reside in a package 'GiocoBorsa.GUI' in (GUIMain.java:0)
Class <GiocoBorsa.GUI.Home$1> does reside in a package 'GiocoBorsa.GUI' in (Home.java:0)
Class <GiocoBorsa.GUI.Home$2> does reside in a package 'GiocoBorsa.GUI' in (Home.java:0)
Class <GiocoBorsa.GUI.Home$3> does reside in a package 'GiocoBorsa.GUI' in (Home.java:0)
Class <GiocoBorsa.GUI.Home$4> does reside in a package 'GiocoBorsa.GUI' in (Home.java:0)
Class <GiocoBorsa.GUI.Home$5> does reside in a package 'GiocoBorsa.GUI' in (Home.java:0)
Class <GiocoBorsa.GUI.Home$6> does reside in a package 'GiocoBorsa.GUI' in (Home.java:0)
Class <GiocoBorsa.GUI.Home$7> does reside in a package 'GiocoBorsa.GUI' in (Home.java:0)
Class <GiocoBorsa.GUI.Home> does reside in a package 'GiocoBorsa.GUI' in (Home.java:0)
Class <GiocoBorsa.GUI.ListaAcquisti$1> does reside in a package 'GiocoBorsa.GUI' in (ListaAcquisti.java:0)
Class <GiocoBorsa.GUI.ListaAcquisti> does reside in a package 'GiocoBorsa.GUI' in (ListaAcquisti.java:0)
Class <GiocoBorsa.GUI.Listino$1> does reside in a package 'GiocoBorsa.GUI' in (Listino.java:0)
Class <GiocoBorsa.GUI.Listino> does reside in a package 'GiocoBorsa.GUI' in (Listino.java:0)
Class <GiocoBorsa.GUI.NuovaBorsa$1> does reside in a package 'GiocoBorsa.GUI' in (NuovaBorsa.java:0)
Class <GiocoBorsa.GUI.NuovaBorsa> does reside in a package 'GiocoBorsa.GUI' in (NuovaBorsa.java:0)
Class <GiocoBorsa.GUI.NuovaSocieta$1> does reside in a package 'GiocoBorsa.GUI' in (NuovaSocieta.java:0)
Class <GiocoBorsa.GUI.NuovaSocieta$2> does reside in a package 'GiocoBorsa.GUI' in (NuovaSocieta.java:0)
Class <GiocoBorsa.GUI.NuovaSocieta> does reside in a package 'GiocoBorsa.GUI' in (NuovaSocieta.java:0)
	at com.tngtech.archunit.lang.ArchRule$Assertions.assertNoViolation(ArchRule.java:94)
	at com.tngtech.archunit.lang.ArchRule$Assertions.check(ArchRule.java:82)
	at com.tngtech.archunit.lang.ArchRule$Factory$SimpleArchRule.check(ArchRule.java:198)
	at com.tngtech.archunit.lang.syntax.ObjectsShouldInternal.check(ObjectsShouldInternal.java:81)
	at com.tngtech.archunit.junit.ArchRuleExecution.evaluateOn(ArchRuleExecution.java:43)
	at com.tngtech.archunit.junit.ArchUnitRunner.runChild(ArchUnitRunner.java:154)
	at com.tngtech.archunit.junit.ArchUnitRunner.runChild(ArchUnitRunner.java:63)
	at org.junit.runners.ParentRunner$3.run(ParentRunner.java:238)
	at org.junit.runners.ParentRunner$1.schedule(ParentRunner.java:63)
	at org.junit.runners.ParentRunner.runChildren(ParentRunner.java:236)
	at org.junit.runners.ParentRunner.access$000(ParentRunner.java:53)
	at org.junit.runners.ParentRunner$2.evaluate(ParentRunner.java:229)
	at com.tngtech.archunit.junit.ArchUnitRunner$1.evaluate(ArchUnitRunner.java:88)
	at org.junit.runners.ParentRunner.run(ParentRunner.java:309)
	at org.apache.maven.surefire.junit4.JUnit4Provider.execute(JUnit4Provider.java:283)
	at org.apache.maven.surefire.junit4.JUnit4Provider.executeWithRerun(JUnit4Provider.java:173)
	at org.apache.maven.surefire.junit4.JUnit4Provider.executeTestSet(JUnit4Provider.java:153)
	at org.apache.maven.surefire.junit4.JUnit4Provider.invoke(JUnit4Provider.java:128)
	at org.apache.maven.surefire.booter.ForkedBooter.invokeProviderInSameClassLoader(ForkedBooter.java:203)
	at org.apache.maven.surefire.booter.ForkedBooter.runSuitesInProcess(ForkedBooter.java:155)
	at org.apache.maven.surefire.booter.ForkedBooter.main(ForkedBooter.java:103)

