-------------------------------------------------------------------------------
Test set: GiocoBorsa.arch.BestPracticesTest
-------------------------------------------------------------------------------
Tests run: 4, Failures: 1, Errors: 0, Skipped: 0, Time elapsed: 0.049 sec <<< FAILURE! - in GiocoBorsa.arch.BestPracticesTest
system_out_is_not_called(GiocoBorsa.arch.BestPracticesTest)  Time elapsed: 0.032 sec  <<< FAILURE!
java.lang.AssertionError: Architecture Violation [Priority: MEDIUM] - Rule 'no classes should access standard streams' was violated (16 times):
Constructor <GiocoBorsa.Database.ConnessioneDatabase.<init>()> calls method <java.lang.ClassNotFoundException.printStackTrace()> in (ConnessioneDatabase.java:23)
Constructor <GiocoBorsa.Database.ConnessioneDatabase.<init>()> gets field <java.lang.System.out> in (ConnessioneDatabase.java:22)
Constructor <GiocoBorsa.ImplementazioniPostgresDAO.GiocatoreImplementazionePostgresDAO.<init>()> calls method <java.sql.SQLException.printStackTrace()> in (GiocatoreImplementazionePostgresDAO.java:22)
Constructor <GiocoBorsa.ImplementazioniPostgresDAO.ListinoImplementazionePostgresDAO.<init>()> calls method <java.sql.SQLException.printStackTrace()> in (ListinoImplementazionePostgresDAO.java:24)
Constructor <GiocoBorsa.ImplementazioniPostgresDAO.SocietaImplementazionePostgresDAO.<init>()> calls method <java.sql.SQLException.printStackTrace()> in (SocietaImplementazionePostgresDAO.java:20)
Method <GiocoBorsa.GUI.GUIMain$1.run()> calls method <java.lang.Exception.printStackTrace()> in (GUIMain.java:25)
Method <GiocoBorsa.ImplementazioniPostgresDAO.GiocatoreImplementazionePostgresDAO.acquistaDB(GiocoBorsa.Model.Giocatore, int, java.time.LocalDate, float, GiocoBorsa.Model.Societa)> calls method <java.sql.SQLException.printStackTrace()> in (GiocatoreImplementazionePostgresDAO.java:36)
Method <GiocoBorsa.ImplementazioniPostgresDAO.ListinoImplementazionePostgresDAO.addSocietaDB(GiocoBorsa.Model.Societa, GiocoBorsa.Model.Borsa)> calls method <java.sql.SQLException.printStackTrace()> in (ListinoImplementazionePostgresDAO.java:60)
Method <GiocoBorsa.ImplementazioniPostgresDAO.ListinoImplementazionePostgresDAO.leggiListinoDB(GiocoBorsa.Model.Borsa)> calls method <java.sql.SQLException.printStackTrace()> in (ListinoImplementazionePostgresDAO.java:44)
Method <GiocoBorsa.ImplementazioniPostgresDAO.SocietaImplementazionePostgresDAO.updatePrezzo(GiocoBorsa.Model.Societa, float)> calls method <java.sql.SQLException.printStackTrace()> in (SocietaImplementazionePostgresDAO.java:35)
Method <GiocoBorsa.arch.MetricsRunner.lambda$main$0(com.tngtech.archunit.library.metrics.ComponentDependencyMetrics, com.tngtech.archunit.library.metrics.MetricsComponent)> gets field <java.lang.System.out> in (MetricsRunner.java:24)
Method <GiocoBorsa.arch.MetricsRunner.lambda$main$0(com.tngtech.archunit.library.metrics.ComponentDependencyMetrics, com.tngtech.archunit.library.metrics.MetricsComponent)> gets field <java.lang.System.out> in (MetricsRunner.java:25)
Method <GiocoBorsa.arch.MetricsRunner.lambda$main$0(com.tngtech.archunit.library.metrics.ComponentDependencyMetrics, com.tngtech.archunit.library.metrics.MetricsComponent)> gets field <java.lang.System.out> in (MetricsRunner.java:26)
Method <GiocoBorsa.arch.MetricsRunner.lambda$main$0(com.tngtech.archunit.library.metrics.ComponentDependencyMetrics, com.tngtech.archunit.library.metrics.MetricsComponent)> gets field <java.lang.System.out> in (MetricsRunner.java:27)
Method <GiocoBorsa.arch.MetricsRunner.lambda$main$0(com.tngtech.archunit.library.metrics.ComponentDependencyMetrics, com.tngtech.archunit.library.metrics.MetricsComponent)> gets field <java.lang.System.out> in (MetricsRunner.java:28)
Method <GiocoBorsa.arch.MetricsRunner.lambda$main$0(com.tngtech.archunit.library.metrics.ComponentDependencyMetrics, com.tngtech.archunit.library.metrics.MetricsComponent)> gets field <java.lang.System.out> in (MetricsRunner.java:29)
	at com.tngtech.archunit.lang.ArchRule$Assertions.assertNoViolation(ArchRule.java:94)
	at com.tngtech.archunit.lang.ArchRule$Assertions.check(ArchRule.java:82)
	at com.tngtech.archunit.lang.ArchRule$Factory$SimpleArchRule.check(ArchRule.java:198)
	at com.tngtech.archunit.lang.syntax.ObjectsShouldInternal.check(ObjectsShouldInternal.java:81)
	at com.tngtech.archunit.junit.ArchRuleExecution.evaluateOn(ArchRuleExecution.java:43)
	at com.tngtech.archunit.junit.ArchUnitRunner.runChild(ArchUnitRunner.java:154)
	at com.tngtech.archunit.junit.ArchUnitRunner.runChild(ArchUnitRunner.java:63)
	at org.junit.runners.ParentRunner$3.run(ParentRunner.java:238)
	at org.junit.runners.ParentRunner$1.schedule(ParentRunner.java:63)
	at org.junit.runners.ParentRunner.runChildren(ParentRunner.java:236)
	at org.junit.runners.ParentRunner.access$000(ParentRunner.java:53)
	at org.junit.runners.ParentRunner$2.evaluate(ParentRunner.java:229)
	at com.tngtech.archunit.junit.ArchUnitRunner$1.evaluate(ArchUnitRunner.java:88)
	at org.junit.runners.ParentRunner.run(ParentRunner.java:309)
	at org.apache.maven.surefire.junit4.JUnit4Provider.execute(JUnit4Provider.java:283)
	at org.apache.maven.surefire.junit4.JUnit4Provider.executeWithRerun(JUnit4Provider.java:173)
	at org.apache.maven.surefire.junit4.JUnit4Provider.executeTestSet(JUnit4Provider.java:153)
	at org.apache.maven.surefire.junit4.JUnit4Provider.invoke(JUnit4Provider.java:128)
	at org.apache.maven.surefire.booter.ForkedBooter.invokeProviderInSameClassLoader(ForkedBooter.java:203)
	at org.apache.maven.surefire.booter.ForkedBooter.runSuitesInProcess(ForkedBooter.java:155)
	at org.apache.maven.surefire.booter.ForkedBooter.main(ForkedBooter.java:103)

