-------------------------------------------------------------------------------
Test set: GiocoBorsa.arch.BestPracticesTest
-------------------------------------------------------------------------------
Tests run: 4, Failures: 1, Errors: 0, Skipped: 0, Time elapsed: 0.033 sec <<< FAILURE!
system_out_is_not_called(GiocoBorsa.arch.BestPracticesTest)  Time elapsed: 0.023 sec  <<< FAILURE!
java.lang.AssertionError: Architecture Violation [Priority: MEDIUM] - Rule 'no classes should access standard streams' was violated (12 times):
Constructor <GiocoBorsa.Database.ConnessioneDatabase.<init>()> calls method <java.lang.ClassNotFoundException.printStackTrace()> in (ConnessioneDatabase.java:23)
Constructor <GiocoBorsa.Database.ConnessioneDatabase.<init>()> gets field <java.lang.System.out> in (ConnessioneDatabase.java:22)
Constructor <GiocoBorsa.ImplementazioniPostgresDAO.GiocatoreImplementazionePostgresDAO.<init>()> calls method <java.sql.SQLException.printStackTrace()> in (GiocatoreImplementazionePostgresDAO.java:22)
Constructor <GiocoBorsa.ImplementazioniPostgresDAO.ListinoImplementazionePostgresDAO.<init>()> calls method <java.sql.SQLException.printStackTrace()> in (ListinoImplementazionePostgresDAO.java:24)
Constructor <GiocoBorsa.ImplementazioniPostgresDAO.SocietaImplementazionePostgresDAO.<init>()> calls method <java.sql.SQLException.printStackTrace()> in (SocietaImplementazionePostgresDAO.java:20)
Method <GiocoBorsa.GUI.GUIMain$1.run()> calls method <java.lang.Exception.printStackTrace()> in (GUIMain.java:25)
Method <GiocoBorsa.ImplementazioniPostgresDAO.GiocatoreImplementazionePostgresDAO.acquistaDB(GiocoBorsa.Model.Giocatore, int, java.time.LocalDate, float, GiocoBorsa.Model.Societa)> calls method <java.sql.SQLException.printStackTrace()> in (GiocatoreImplementazionePostgresDAO.java:36)
Method <GiocoBorsa.ImplementazioniPostgresDAO.ListinoImplementazionePostgresDAO.addSocietaDB(GiocoBorsa.Model.Societa, GiocoBorsa.Model.Borsa)> calls method <java.sql.SQLException.printStackTrace()> in (ListinoImplementazionePostgresDAO.java:60)
Method <GiocoBorsa.ImplementazioniPostgresDAO.ListinoImplementazionePostgresDAO.leggiListinoDB(GiocoBorsa.Model.Borsa)> calls method <java.sql.SQLException.printStackTrace()> in (ListinoImplementazionePostgresDAO.java:44)
Method <GiocoBorsa.ImplementazioniPostgresDAO.SocietaImplementazionePostgresDAO.updatePrezzo(GiocoBorsa.Model.Societa, float)> calls method <java.sql.SQLException.printStackTrace()> in (SocietaImplementazionePostgresDAO.java:35)
Method <GiocoBorsa.ProvaMain.Main.main([Ljava.lang.String;)> gets field <java.lang.System.out> in (Main.java:34)
Method <GiocoBorsa.ProvaMain.Main.main([Ljava.lang.String;)> gets field <java.lang.System.out> in (Main.java:40)
	at com.tngtech.archunit.lang.ArchRule$Assertions.assertNoViolation(ArchRule.java:94)
	at com.tngtech.archunit.lang.ArchRule$Assertions.check(ArchRule.java:82)
	at com.tngtech.archunit.lang.ArchRule$Factory$SimpleArchRule.check(ArchRule.java:198)
	at com.tngtech.archunit.lang.syntax.ObjectsShouldInternal.check(ObjectsShouldInternal.java:81)
	at com.tngtech.archunit.junit.ArchRuleExecution.evaluateOn(ArchRuleExecution.java:43)
	at com.tngtech.archunit.junit.ArchUnitRunner.runChild(ArchUnitRunner.java:154)
	at com.tngtech.archunit.junit.ArchUnitRunner.runChild(ArchUnitRunner.java:63)
	at org.junit.runners.ParentRunner$3.run(ParentRunner.java:238)
	at org.junit.runners.ParentRunner$1.schedule(ParentRunner.java:63)
	at org.junit.runners.ParentRunner.runChildren(ParentRunner.java:236)
	at org.junit.runners.ParentRunner.access$000(ParentRunner.java:53)
	at org.junit.runners.ParentRunner$2.evaluate(ParentRunner.java:229)
	at com.tngtech.archunit.junit.ArchUnitRunner$1.evaluate(ArchUnitRunner.java:88)
	at org.junit.runners.ParentRunner.run(ParentRunner.java:309)
	at org.apache.maven.surefire.junit4.JUnit4Provider.execute(JUnit4Provider.java:252)
	at org.apache.maven.surefire.junit4.JUnit4Provider.executeTestSet(JUnit4Provider.java:141)
	at org.apache.maven.surefire.junit4.JUnit4Provider.invoke(JUnit4Provider.java:112)
	at java.base/jdk.internal.reflect.NativeMethodAccessorImpl.invoke0(Native Method)
	at java.base/jdk.internal.reflect.NativeMethodAccessorImpl.invoke(NativeMethodAccessorImpl.java:77)
	at java.base/jdk.internal.reflect.DelegatingMethodAccessorImpl.invoke(DelegatingMethodAccessorImpl.java:43)
	at java.base/java.lang.reflect.Method.invoke(Method.java:568)
	at org.apache.maven.surefire.util.ReflectionUtils.invokeMethodWithArray(ReflectionUtils.java:189)
	at org.apache.maven.surefire.booter.ProviderFactory$ProviderProxy.invoke(ProviderFactory.java:165)
	at org.apache.maven.surefire.booter.ProviderFactory.invokeProvider(ProviderFactory.java:85)
	at org.apache.maven.surefire.booter.ForkedBooter.runSuitesInProcess(ForkedBooter.java:115)
	at org.apache.maven.surefire.booter.ForkedBooter.main(ForkedBooter.java:75)

