-------------------------------------------------------------------------------
Test set: GiocoBorsa.arch.LayeredArchitectureTest
-------------------------------------------------------------------------------
Tests run: 1, Failures: 1, Errors: 0, Skipped: 0, Time elapsed: 1.14 sec <<< FAILURE! - in GiocoBorsa.arch.LayeredArchitectureTest
layer_dependencies_are_respected(GiocoBorsa.arch.LayeredArchitectureTest)  Time elapsed: 1.138 sec  <<< FAILURE!
java.lang.AssertionError: Architecture Violation [Priority: MEDIUM] - Rule 'Layered architecture consisting of
layer 'Boundaries' ('GiocoBorsa.GUI..')
layer 'Controls' ('GiocoBorsa.Controller..')
layer 'Entities' ('GiocoBorsa.Model..')
layer 'Database' ('GiocoBorsa.ImplementazioniPostgresDAO..')
where layer 'Boundaries' may not be accessed by any layer
where layer 'Controls' may only be accessed by layers ['Boundaries']
where layer 'Entities' may only be accessed by layers ['Controls']
where layer 'Database' may only be accessed by layers ['Entities']' was violated (33 times):
Constructor <GiocoBorsa.GUI.ListaAcquisti.<init>(GiocoBorsa.Controller.Controller, javax.swing.JFrame)> calls method <GiocoBorsa.Model.Acquisto.getPrezzoAcquisto()> in (ListaAcquisti.java:76)
Constructor <GiocoBorsa.GUI.ListaAcquisti.<init>(GiocoBorsa.Controller.Controller, javax.swing.JFrame)> calls method <GiocoBorsa.Model.Acquisto.getQuantita()> in (ListaAcquisti.java:76)
Constructor <GiocoBorsa.GUI.ListaAcquisti.<init>(GiocoBorsa.Controller.Controller, javax.swing.JFrame)> calls method <GiocoBorsa.Model.Acquisto.getSocieta()> in (ListaAcquisti.java:76)
Constructor <GiocoBorsa.GUI.ListaAcquisti.<init>(GiocoBorsa.Controller.Controller, javax.swing.JFrame)> calls method <GiocoBorsa.Model.Societa.getNome()> in (ListaAcquisti.java:76)
Constructor <GiocoBorsa.GUI.ListaAcquisti.<init>(GiocoBorsa.Controller.Controller, javax.swing.JFrame)> calls method <GiocoBorsa.Model.Societa.getPrezzoAzione()> in (ListaAcquisti.java:76)
Method <GiocoBorsa.Controller.Controller.acquista(java.lang.String, int)> calls constructor <GiocoBorsa.ImplementazioniPostgresDAO.GiocatoreImplementazionePostgresDAO.<init>()> in (Controller.java:168)
Method <GiocoBorsa.Controller.Controller.nuovaBorsa(java.lang.String)> calls constructor <GiocoBorsa.ImplementazioniPostgresDAO.ListinoImplementazionePostgresDAO.<init>()> in (Controller.java:42)
Method <GiocoBorsa.Controller.Controller.nuovaSocieta(java.lang.String, java.lang.String)> calls constructor <GiocoBorsa.ImplementazioniPostgresDAO.ListinoImplementazionePostgresDAO.<init>()> in (Controller.java:77)
Method <GiocoBorsa.Controller.Controller.setPrezzoAzione(java.lang.String, float)> calls constructor <GiocoBorsa.ImplementazioniPostgresDAO.SocietaImplementazionePostgresDAO.<init>()> in (Controller.java:133)
Method <GiocoBorsa.DAO.GiocatoreDAO.acquistaDB(GiocoBorsa.Model.Giocatore, int, java.time.LocalDate, float, GiocoBorsa.Model.Societa)> has parameter of type <GiocoBorsa.Model.Giocatore> in (GiocatoreDAO.java:0)
Method <GiocoBorsa.DAO.GiocatoreDAO.acquistaDB(GiocoBorsa.Model.Giocatore, int, java.time.LocalDate, float, GiocoBorsa.Model.Societa)> has parameter of type <GiocoBorsa.Model.Societa> in (GiocatoreDAO.java:0)
Method <GiocoBorsa.DAO.ListinoDAO.addSocietaDB(GiocoBorsa.Model.Societa, GiocoBorsa.Model.Borsa)> has parameter of type <GiocoBorsa.Model.Borsa> in (ListinoDAO.java:0)
Method <GiocoBorsa.DAO.ListinoDAO.addSocietaDB(GiocoBorsa.Model.Societa, GiocoBorsa.Model.Borsa)> has parameter of type <GiocoBorsa.Model.Societa> in (ListinoDAO.java:0)
Method <GiocoBorsa.DAO.ListinoDAO.leggiListinoDB(GiocoBorsa.Model.Borsa)> has parameter of type <GiocoBorsa.Model.Borsa> in (ListinoDAO.java:0)
Method <GiocoBorsa.DAO.ListinoDAO.leggiListinoDB(GiocoBorsa.Model.Borsa)> has return type <GiocoBorsa.Model.Listino> in (ListinoDAO.java:0)
Method <GiocoBorsa.DAO.SocietaDAO.updatePrezzo(GiocoBorsa.Model.Societa, float)> has parameter of type <GiocoBorsa.Model.Societa> in (SocietaDAO.java:0)
Method <GiocoBorsa.ImplementazioniPostgresDAO.GiocatoreImplementazionePostgresDAO.acquistaDB(GiocoBorsa.Model.Giocatore, int, java.time.LocalDate, float, GiocoBorsa.Model.Societa)> calls method <GiocoBorsa.Model.Giocatore.getNome()> in (GiocatoreImplementazionePostgresDAO.java:32)
Method <GiocoBorsa.ImplementazioniPostgresDAO.GiocatoreImplementazionePostgresDAO.acquistaDB(GiocoBorsa.Model.Giocatore, int, java.time.LocalDate, float, GiocoBorsa.Model.Societa)> calls method <GiocoBorsa.Model.Societa.getNome()> in (GiocatoreImplementazionePostgresDAO.java:32)
Method <GiocoBorsa.ImplementazioniPostgresDAO.GiocatoreImplementazionePostgresDAO.acquistaDB(GiocoBorsa.Model.Giocatore, int, java.time.LocalDate, float, GiocoBorsa.Model.Societa)> has parameter of type <GiocoBorsa.Model.Giocatore> in (GiocatoreImplementazionePostgresDAO.java:0)
Method <GiocoBorsa.ImplementazioniPostgresDAO.GiocatoreImplementazionePostgresDAO.acquistaDB(GiocoBorsa.Model.Giocatore, int, java.time.LocalDate, float, GiocoBorsa.Model.Societa)> has parameter of type <GiocoBorsa.Model.Societa> in (GiocatoreImplementazionePostgresDAO.java:0)
Method <GiocoBorsa.ImplementazioniPostgresDAO.ListinoImplementazionePostgresDAO.addSocietaDB(GiocoBorsa.Model.Societa, GiocoBorsa.Model.Borsa)> calls method <GiocoBorsa.Model.Borsa.getCitta()> in (ListinoImplementazionePostgresDAO.java:57)
Method <GiocoBorsa.ImplementazioniPostgresDAO.ListinoImplementazionePostgresDAO.addSocietaDB(GiocoBorsa.Model.Societa, GiocoBorsa.Model.Borsa)> calls method <GiocoBorsa.Model.Societa.getNome()> in (ListinoImplementazionePostgresDAO.java:57)
Method <GiocoBorsa.ImplementazioniPostgresDAO.ListinoImplementazionePostgresDAO.addSocietaDB(GiocoBorsa.Model.Societa, GiocoBorsa.Model.Borsa)> calls method <GiocoBorsa.Model.Societa.getPrezzoAzione()> in (ListinoImplementazionePostgresDAO.java:57)
Method <GiocoBorsa.ImplementazioniPostgresDAO.ListinoImplementazionePostgresDAO.addSocietaDB(GiocoBorsa.Model.Societa, GiocoBorsa.Model.Borsa)> has parameter of type <GiocoBorsa.Model.Borsa> in (ListinoImplementazionePostgresDAO.java:0)
Method <GiocoBorsa.ImplementazioniPostgresDAO.ListinoImplementazionePostgresDAO.addSocietaDB(GiocoBorsa.Model.Societa, GiocoBorsa.Model.Borsa)> has parameter of type <GiocoBorsa.Model.Societa> in (ListinoImplementazionePostgresDAO.java:0)
Method <GiocoBorsa.ImplementazioniPostgresDAO.ListinoImplementazionePostgresDAO.leggiListinoDB(GiocoBorsa.Model.Borsa)> calls constructor <GiocoBorsa.Model.Listino.<init>()> in (ListinoImplementazionePostgresDAO.java:31)
Method <GiocoBorsa.ImplementazioniPostgresDAO.ListinoImplementazionePostgresDAO.leggiListinoDB(GiocoBorsa.Model.Borsa)> calls constructor <GiocoBorsa.Model.Societa.<init>(java.lang.String, float)> in (ListinoImplementazionePostgresDAO.java:37)
Method <GiocoBorsa.ImplementazioniPostgresDAO.ListinoImplementazionePostgresDAO.leggiListinoDB(GiocoBorsa.Model.Borsa)> calls method <GiocoBorsa.Model.Borsa.getCitta()> in (ListinoImplementazionePostgresDAO.java:34)
Method <GiocoBorsa.ImplementazioniPostgresDAO.ListinoImplementazionePostgresDAO.leggiListinoDB(GiocoBorsa.Model.Borsa)> calls method <GiocoBorsa.Model.Listino.addSocieta(GiocoBorsa.Model.Societa)> in (ListinoImplementazionePostgresDAO.java:38)
Method <GiocoBorsa.ImplementazioniPostgresDAO.ListinoImplementazionePostgresDAO.leggiListinoDB(GiocoBorsa.Model.Borsa)> has parameter of type <GiocoBorsa.Model.Borsa> in (ListinoImplementazionePostgresDAO.java:0)
Method <GiocoBorsa.ImplementazioniPostgresDAO.ListinoImplementazionePostgresDAO.leggiListinoDB(GiocoBorsa.Model.Borsa)> has return type <GiocoBorsa.Model.Listino> in (ListinoImplementazionePostgresDAO.java:0)
Method <GiocoBorsa.ImplementazioniPostgresDAO.SocietaImplementazionePostgresDAO.updatePrezzo(GiocoBorsa.Model.Societa, float)> calls method <GiocoBorsa.Model.Societa.getNome()> in (SocietaImplementazionePostgresDAO.java:30)
Method <GiocoBorsa.ImplementazioniPostgresDAO.SocietaImplementazionePostgresDAO.updatePrezzo(GiocoBorsa.Model.Societa, float)> has parameter of type <GiocoBorsa.Model.Societa> in (SocietaImplementazionePostgresDAO.java:0)
	at com.tngtech.archunit.lang.ArchRule$Assertions.assertNoViolation(ArchRule.java:94)
	at com.tngtech.archunit.lang.ArchRule$Assertions.check(ArchRule.java:82)
	at com.tngtech.archunit.library.Architectures$LayeredArchitecture.check(Architectures.java:291)
	at com.tngtech.archunit.junit.ArchRuleExecution.evaluateOn(ArchRuleExecution.java:43)
	at com.tngtech.archunit.junit.ArchUnitRunner.runChild(ArchUnitRunner.java:154)
	at com.tngtech.archunit.junit.ArchUnitRunner.runChild(ArchUnitRunner.java:63)
	at org.junit.runners.ParentRunner$3.run(ParentRunner.java:238)
	at org.junit.runners.ParentRunner$1.schedule(ParentRunner.java:63)
	at org.junit.runners.ParentRunner.runChildren(ParentRunner.java:236)
	at org.junit.runners.ParentRunner.access$000(ParentRunner.java:53)
	at org.junit.runners.ParentRunner$2.evaluate(ParentRunner.java:229)
	at com.tngtech.archunit.junit.ArchUnitRunner$1.evaluate(ArchUnitRunner.java:88)
	at org.junit.runners.ParentRunner.run(ParentRunner.java:309)
	at org.apache.maven.surefire.junit4.JUnit4Provider.execute(JUnit4Provider.java:283)
	at org.apache.maven.surefire.junit4.JUnit4Provider.executeWithRerun(JUnit4Provider.java:173)
	at org.apache.maven.surefire.junit4.JUnit4Provider.executeTestSet(JUnit4Provider.java:153)
	at org.apache.maven.surefire.junit4.JUnit4Provider.invoke(JUnit4Provider.java:128)
	at org.apache.maven.surefire.booter.ForkedBooter.invokeProviderInSameClassLoader(ForkedBooter.java:203)
	at org.apache.maven.surefire.booter.ForkedBooter.runSuitesInProcess(ForkedBooter.java:155)
	at org.apache.maven.surefire.booter.ForkedBooter.main(ForkedBooter.java:103)

