<?xml version="1.0" encoding="UTF-8" ?>
<testsuite tests="8" failures="1" name="GiocoBorsa.arch.LayerContainmentTest" time="0.014" errors="0" skipped="0">
  <properties>
[...]
</properties>
  <testcase classname="GiocoBorsa.arch.LayerContainmentTest" name="controllers_reside_in_the_controller_layer" time="0.005"/>
  <testcase classname="GiocoBorsa.arch.LayerContainmentTest" name="controllers_only_reside_in_the_controller_layer" time="0.001"/>
  <testcase classname="GiocoBorsa.arch.LayerContainmentTest" name="DAOs_reside_in_the_DAO_layer" time="0.001"/>
  <testcase classname="GiocoBorsa.arch.LayerContainmentTest" name="DAOs_only_reside_in_the_DAO_layer" time="0.001"/>
  <testcase classname="GiocoBorsa.arch.LayerContainmentTest" name="DAO_implementations_reside_in_the_DAO_implementation_layer" time="0"/>
  <testcase classname="GiocoBorsa.arch.LayerContainmentTest" name="DAO_implementations_only_reside_in_the_DAO_implementation_layer" time="0.001"/>
  <testcase classname="GiocoBorsa.arch.LayerContainmentTest" name="GUIs_reside_in_the_GUI_layer" time="0"/>
  <testcase classname="GiocoBorsa.arch.LayerContainmentTest" name="GUIs_only_reside_in_the_GUI_layer" time="0.005">
    <failure message="Architecture Violation [Priority: MEDIUM] - Rule &apos;no classes that have simple name not ending with &apos;GUI&apos; should reside in a package &apos;GiocoBorsa.GUI&apos;&apos; was violated (22 times):
Class &lt;GiocoBorsa.GUI.AcquistoDaListino$1&gt; does reside in a package &apos;GiocoBorsa.GUI&apos; in (AcquistoDaListino.java:0)
Class &lt;GiocoBorsa.GUI.AcquistoDaListino$2&gt; does reside in a package &apos;GiocoBorsa.GUI&apos; in (AcquistoDaListino.java:0)
Class &lt;GiocoBorsa.GUI.AcquistoDaListino&gt; does reside in a package &apos;GiocoBorsa.GUI&apos; in (AcquistoDaListino.java:0)
Class &lt;GiocoBorsa.GUI.GUIMain$1&gt; does reside in a package &apos;GiocoBorsa.GUI&apos; in (GUIMain.java:0)
Class &lt;GiocoBorsa.GUI.GUIMain&gt; does reside in a package &apos;GiocoBorsa.GUI&apos; in (GUIMain.java:0)
Class &lt;GiocoBorsa.GUI.Home$1&gt; does reside in a package &apos;GiocoBorsa.GUI&apos; in (Home.java:0)
Class &lt;GiocoBorsa.GUI.Home$2&gt; does reside in a package &apos;GiocoBorsa.GUI&apos; in (Home.java:0)
Class &lt;GiocoBorsa.GUI.Home$3&gt; does reside in a package &apos;GiocoBorsa.GUI&apos; in (Home.java:0)
Class &lt;GiocoBorsa.GUI.Home$4&gt; does reside in a package &apos;GiocoBorsa.GUI&apos; in (Home.java:0)
Class &lt;GiocoBorsa.GUI.Home$5&gt; does reside in a package &apos;GiocoBorsa.GUI&apos; in (Home.java:0)
Class &lt;GiocoBorsa.GUI.Home$6&gt; does reside in a package &apos;GiocoBorsa.GUI&apos; in (Home.java:0)
Class &lt;GiocoBorsa.GUI.Home$7&gt; does reside in a package &apos;GiocoBorsa.GUI&apos; in (Home.java:0)
Class &lt;GiocoBorsa.GUI.Home&gt; does reside in a package &apos;GiocoBorsa.GUI&apos; in (Home.java:0)
Class &lt;GiocoBorsa.GUI.ListaAcquisti$1&gt; does reside in a package &apos;GiocoBorsa.GUI&apos; in (ListaAcquisti.java:0)
Class &lt;GiocoBorsa.GUI.ListaAcquisti&gt; does reside in a package &apos;GiocoBorsa.GUI&apos; in (ListaAcquisti.java:0)
Class &lt;GiocoBorsa.GUI.Listino$1&gt; does reside in a package &apos;GiocoBorsa.GUI&apos; in (Listino.java:0)
Class &lt;GiocoBorsa.GUI.Listino&gt; does reside in a package &apos;GiocoBorsa.GUI&apos; in (Listino.java:0)
Class &lt;GiocoBorsa.GUI.NuovaBorsa$1&gt; does reside in a package &apos;GiocoBorsa.GUI&apos; in (NuovaBorsa.java:0)
Class &lt;GiocoBorsa.GUI.NuovaBorsa&gt; does reside in a package &apos;GiocoBorsa.GUI&apos; in (NuovaBorsa.java:0)
Class &lt;GiocoBorsa.GUI.NuovaSocieta$1&gt; does reside in a package &apos;GiocoBorsa.GUI&apos; in (NuovaSocieta.java:0)
Class &lt;GiocoBorsa.GUI.NuovaSocieta$2&gt; does reside in a package &apos;GiocoBorsa.GUI&apos; in (NuovaSocieta.java:0)
Class &lt;GiocoBorsa.GUI.NuovaSocieta&gt; does reside in a package &apos;GiocoBorsa.GUI&apos; in (NuovaSocieta.java:0)" type="java.lang.AssertionError">java.lang.AssertionError: Architecture Violation [Priority: MEDIUM] - Rule &apos;no classes that have simple name not ending with &apos;GUI&apos; should reside in a package &apos;GiocoBorsa.GUI&apos;&apos; was violated (22 times):
Class &lt;GiocoBorsa.GUI.AcquistoDaListino$1&gt; does reside in a package &apos;GiocoBorsa.GUI&apos; in (AcquistoDaListino.java:0)
Class &lt;GiocoBorsa.GUI.AcquistoDaListino$2&gt; does reside in a package &apos;GiocoBorsa.GUI&apos; in (AcquistoDaListino.java:0)
Class &lt;GiocoBorsa.GUI.AcquistoDaListino&gt; does reside in a package &apos;GiocoBorsa.GUI&apos; in (AcquistoDaListino.java:0)
Class &lt;GiocoBorsa.GUI.GUIMain$1&gt; does reside in a package &apos;GiocoBorsa.GUI&apos; in (GUIMain.java:0)
Class &lt;GiocoBorsa.GUI.GUIMain&gt; does reside in a package &apos;GiocoBorsa.GUI&apos; in (GUIMain.java:0)
Class &lt;GiocoBorsa.GUI.Home$1&gt; does reside in a package &apos;GiocoBorsa.GUI&apos; in (Home.java:0)
Class &lt;GiocoBorsa.GUI.Home$2&gt; does reside in a package &apos;GiocoBorsa.GUI&apos; in (Home.java:0)
Class &lt;GiocoBorsa.GUI.Home$3&gt; does reside in a package &apos;GiocoBorsa.GUI&apos; in (Home.java:0)
Class &lt;GiocoBorsa.GUI.Home$4&gt; does reside in a package &apos;GiocoBorsa.GUI&apos; in (Home.java:0)
Class &lt;GiocoBorsa.GUI.Home$5&gt; does reside in a package &apos;GiocoBorsa.GUI&apos; in (Home.java:0)
Class &lt;GiocoBorsa.GUI.Home$6&gt; does reside in a package &apos;GiocoBorsa.GUI&apos; in (Home.java:0)
Class &lt;GiocoBorsa.GUI.Home$7&gt; does reside in a package &apos;GiocoBorsa.GUI&apos; in (Home.java:0)
Class &lt;GiocoBorsa.GUI.Home&gt; does reside in a package &apos;GiocoBorsa.GUI&apos; in (Home.java:0)
Class &lt;GiocoBorsa.GUI.ListaAcquisti$1&gt; does reside in a package &apos;GiocoBorsa.GUI&apos; in (ListaAcquisti.java:0)
Class &lt;GiocoBorsa.GUI.ListaAcquisti&gt; does reside in a package &apos;GiocoBorsa.GUI&apos; in (ListaAcquisti.java:0)
Class &lt;GiocoBorsa.GUI.Listino$1&gt; does reside in a package &apos;GiocoBorsa.GUI&apos; in (Listino.java:0)
Class &lt;GiocoBorsa.GUI.Listino&gt; does reside in a package &apos;GiocoBorsa.GUI&apos; in (Listino.java:0)
Class &lt;GiocoBorsa.GUI.NuovaBorsa$1&gt; does reside in a package &apos;GiocoBorsa.GUI&apos; in (NuovaBorsa.java:0)
Class &lt;GiocoBorsa.GUI.NuovaBorsa&gt; does reside in a package &apos;GiocoBorsa.GUI&apos; in (NuovaBorsa.java:0)
Class &lt;GiocoBorsa.GUI.NuovaSocieta$1&gt; does reside in a package &apos;GiocoBorsa.GUI&apos; in (NuovaSocieta.java:0)
Class &lt;GiocoBorsa.GUI.NuovaSocieta$2&gt; does reside in a package &apos;GiocoBorsa.GUI&apos; in (NuovaSocieta.java:0)
Class &lt;GiocoBorsa.GUI.NuovaSocieta&gt; does reside in a package &apos;GiocoBorsa.GUI&apos; in (NuovaSocieta.java:0)
	at com.tngtech.archunit.lang.ArchRule$Assertions.assertNoViolation(ArchRule.java:94)
	at com.tngtech.archunit.lang.ArchRule$Assertions.check(ArchRule.java:82)
	at com.tngtech.archunit.lang.ArchRule$Factory$SimpleArchRule.check(ArchRule.java:198)
	at com.tngtech.archunit.lang.syntax.ObjectsShouldInternal.check(ObjectsShouldInternal.java:81)
	at com.tngtech.archunit.junit.ArchRuleExecution.evaluateOn(ArchRuleExecution.java:43)
	at com.tngtech.archunit.junit.ArchUnitRunner.runChild(ArchUnitRunner.java:154)
	at com.tngtech.archunit.junit.ArchUnitRunner.runChild(ArchUnitRunner.java:63)
	at org.junit.runners.ParentRunner$3.run(ParentRunner.java:238)
	at org.junit.runners.ParentRunner$1.schedule(ParentRunner.java:63)
	at org.junit.runners.ParentRunner.runChildren(ParentRunner.java:236)
	at org.junit.runners.ParentRunner.access$000(ParentRunner.java:53)
	at org.junit.runners.ParentRunner$2.evaluate(ParentRunner.java:229)
	at com.tngtech.archunit.junit.ArchUnitRunner$1.evaluate(ArchUnitRunner.java:88)
	at org.junit.runners.ParentRunner.run(ParentRunner.java:309)
	at org.apache.maven.surefire.junit4.JUnit4Provider.execute(JUnit4Provider.java:252)
	at org.apache.maven.surefire.junit4.JUnit4Provider.executeTestSet(JUnit4Provider.java:141)
	at org.apache.maven.surefire.junit4.JUnit4Provider.invoke(JUnit4Provider.java:112)
	at java.base/jdk.internal.reflect.NativeMethodAccessorImpl.invoke0(Native Method)
	at java.base/jdk.internal.reflect.NativeMethodAccessorImpl.invoke(NativeMethodAccessorImpl.java:77)
	at java.base/jdk.internal.reflect.DelegatingMethodAccessorImpl.invoke(DelegatingMethodAccessorImpl.java:43)
	at java.base/java.lang.reflect.Method.invoke(Method.java:568)
	at org.apache.maven.surefire.util.ReflectionUtils.invokeMethodWithArray(ReflectionUtils.java:189)
	at org.apache.maven.surefire.booter.ProviderFactory$ProviderProxy.invoke(ProviderFactory.java:165)
	at org.apache.maven.surefire.booter.ProviderFactory.invokeProvider(ProviderFactory.java:85)
	at org.apache.maven.surefire.booter.ForkedBooter.runSuitesInProcess(ForkedBooter.java:115)
	at org.apache.maven.surefire.booter.ForkedBooter.main(ForkedBooter.java:75)
</failure>
  </testcase>
</testsuite>