<?xml version="1.0" encoding="UTF-8"?>
<testsuite name="GiocoBorsa.arch.LayerContainmentTest" time="0.012" tests="8" errors="0" skipped="0" failures="1">
  <properties>
[...]
</properties>
  <testcase name="controllers_reside_in_the_controller_layer" classname="GiocoBorsa.arch.LayerContainmentTest" time="0.008"/>
  <testcase name="controllers_only_reside_in_the_controller_layer" classname="GiocoBorsa.arch.LayerContainmentTest" time="0.001"/>
  <testcase name="DAOs_reside_in_the_DAO_layer" classname="GiocoBorsa.arch.LayerContainmentTest" time="0"/>
  <testcase name="DAOs_only_reside_in_the_DAO_layer" classname="GiocoBorsa.arch.LayerContainmentTest" time="0.001"/>
  <testcase name="DAO_implementations_reside_in_the_DAO_implementation_layer" classname="GiocoBorsa.arch.LayerContainmentTest" time="0"/>
  <testcase name="DAO_implementations_only_reside_in_the_DAO_implementation_layer" classname="GiocoBorsa.arch.LayerContainmentTest" time="0.001"/>
  <testcase name="GUIs_reside_in_the_GUI_layer" classname="GiocoBorsa.arch.LayerContainmentTest" time="0"/>
  <testcase name="GUIs_only_reside_in_the_GUI_layer" classname="GiocoBorsa.arch.LayerContainmentTest" time="0.001">
    <failure message="Architecture Violation [Priority: MEDIUM] - Rule &apos;no classes that have simple name not ending with &apos;GUI&apos; should reside in a package &apos;GiocoBorsa.GUI&apos;&apos; was violated (22 times):&#10;Class &lt;GiocoBorsa.GUI.AcquistoDaListino$1&gt; does reside in a package &apos;GiocoBorsa.GUI&apos; in (AcquistoDaListino.java:0)&#10;Class &lt;GiocoBorsa.GUI.AcquistoDaListino$2&gt; does reside in a package &apos;GiocoBorsa.GUI&apos; in (AcquistoDaListino.java:0)&#10;Class &lt;GiocoBorsa.GUI.AcquistoDaListino&gt; does reside in a package &apos;GiocoBorsa.GUI&apos; in (AcquistoDaListino.java:0)&#10;Class &lt;GiocoBorsa.GUI.GUIMain$1&gt; does reside in a package &apos;GiocoBorsa.GUI&apos; in (GUIMain.java:0)&#10;Class &lt;GiocoBorsa.GUI.GUIMain&gt; does reside in a package &apos;GiocoBorsa.GUI&apos; in (GUIMain.java:0)&#10;Class &lt;GiocoBorsa.GUI.Home$1&gt; does reside in a package &apos;GiocoBorsa.GUI&apos; in (Home.java:0)&#10;Class &lt;GiocoBorsa.GUI.Home$2&gt; does reside in a package &apos;GiocoBorsa.GUI&apos; in (Home.java:0)&#10;Class &lt;GiocoBorsa.GUI.Home$3&gt; does reside in a package &apos;GiocoBorsa.GUI&apos; in (Home.java:0)&#10;Class &lt;GiocoBorsa.GUI.Home$4&gt; does reside in a package &apos;GiocoBorsa.GUI&apos; in (Home.java:0)&#10;Class &lt;GiocoBorsa.GUI.Home$5&gt; does reside in a package &apos;GiocoBorsa.GUI&apos; in (Home.java:0)&#10;Class &lt;GiocoBorsa.GUI.Home$6&gt; does reside in a package &apos;GiocoBorsa.GUI&apos; in (Home.java:0)&#10;Class &lt;GiocoBorsa.GUI.Home$7&gt; does reside in a package &apos;GiocoBorsa.GUI&apos; in (Home.java:0)&#10;Class &lt;GiocoBorsa.GUI.Home&gt; does reside in a package &apos;GiocoBorsa.GUI&apos; in (Home.java:0)&#10;Class &lt;GiocoBorsa.GUI.ListaAcquisti$1&gt; does reside in a package &apos;GiocoBorsa.GUI&apos; in (ListaAcquisti.java:0)&#10;Class &lt;GiocoBorsa.GUI.ListaAcquisti&gt; does reside in a package &apos;GiocoBorsa.GUI&apos; in (ListaAcquisti.java:0)&#10;Class &lt;GiocoBorsa.GUI.Listino$1&gt; does reside in a package &apos;GiocoBorsa.GUI&apos; in (Listino.java:0)&#10;Class &lt;GiocoBorsa.GUI.Listino&gt; does reside in a package &apos;GiocoBorsa.GUI&apos; in (Listino.java:0)&#10;Class &lt;GiocoBorsa.GUI.NuovaBorsa$1&gt; does reside in a package &apos;GiocoBorsa.GUI&apos; in (NuovaBorsa.java:0)&#10;Class &lt;GiocoBorsa.GUI.NuovaBorsa&gt; does reside in a package &apos;GiocoBorsa.GUI&apos; in (NuovaBorsa.java:0)&#10;Class &lt;GiocoBorsa.GUI.NuovaSocieta$1&gt; does reside in a package &apos;GiocoBorsa.GUI&apos; in (NuovaSocieta.java:0)&#10;Class &lt;GiocoBorsa.GUI.NuovaSocieta$2&gt; does reside in a package &apos;GiocoBorsa.GUI&apos; in (NuovaSocieta.java:0)&#10;Class &lt;GiocoBorsa.GUI.NuovaSocieta&gt; does reside in a package &apos;GiocoBorsa.GUI&apos; in (NuovaSocieta.java:0)" type="java.lang.AssertionError"><![CDATA[java.lang.AssertionError: Architecture Violation [Priority: MEDIUM] - Rule 'no classes that have simple name not ending with 'GUI' should reside in a package 'GiocoBorsa.GUI'' was violated (22 times):
Class <GiocoBorsa.GUI.AcquistoDaListino$1> does reside in a package 'GiocoBorsa.GUI' in (AcquistoDaListino.java:0)
Class <GiocoBorsa.GUI.AcquistoDaListino$2> does reside in a package 'GiocoBorsa.GUI' in (AcquistoDaListino.java:0)
Class <GiocoBorsa.GUI.AcquistoDaListino> does reside in a package 'GiocoBorsa.GUI' in (AcquistoDaListino.java:0)
Class <GiocoBorsa.GUI.GUIMain$1> does reside in a package 'GiocoBorsa.GUI' in (GUIMain.java:0)
Class <GiocoBorsa.GUI.GUIMain> does reside in a package 'GiocoBorsa.GUI' in (GUIMain.java:0)
Class <GiocoBorsa.GUI.Home$1> does reside in a package 'GiocoBorsa.GUI' in (Home.java:0)
Class <GiocoBorsa.GUI.Home$2> does reside in a package 'GiocoBorsa.GUI' in (Home.java:0)
Class <GiocoBorsa.GUI.Home$3> does reside in a package 'GiocoBorsa.GUI' in (Home.java:0)
Class <GiocoBorsa.GUI.Home$4> does reside in a package 'GiocoBorsa.GUI' in (Home.java:0)
Class <GiocoBorsa.GUI.Home$5> does reside in a package 'GiocoBorsa.GUI' in (Home.java:0)
Class <GiocoBorsa.GUI.Home$6> does reside in a package 'GiocoBorsa.GUI' in (Home.java:0)
Class <GiocoBorsa.GUI.Home$7> does reside in a package 'GiocoBorsa.GUI' in (Home.java:0)
Class <GiocoBorsa.GUI.Home> does reside in a package 'GiocoBorsa.GUI' in (Home.java:0)
Class <GiocoBorsa.GUI.ListaAcquisti$1> does reside in a package 'GiocoBorsa.GUI' in (ListaAcquisti.java:0)
Class <GiocoBorsa.GUI.ListaAcquisti> does reside in a package 'GiocoBorsa.GUI' in (ListaAcquisti.java:0)
Class <GiocoBorsa.GUI.Listino$1> does reside in a package 'GiocoBorsa.GUI' in (Listino.java:0)
Class <GiocoBorsa.GUI.Listino> does reside in a package 'GiocoBorsa.GUI' in (Listino.java:0)
Class <GiocoBorsa.GUI.NuovaBorsa$1> does reside in a package 'GiocoBorsa.GUI' in (NuovaBorsa.java:0)
Class <GiocoBorsa.GUI.NuovaBorsa> does reside in a package 'GiocoBorsa.GUI' in (NuovaBorsa.java:0)
Class <GiocoBorsa.GUI.NuovaSocieta$1> does reside in a package 'GiocoBorsa.GUI' in (NuovaSocieta.java:0)
Class <GiocoBorsa.GUI.NuovaSocieta$2> does reside in a package 'GiocoBorsa.GUI' in (NuovaSocieta.java:0)
Class <GiocoBorsa.GUI.NuovaSocieta> does reside in a package 'GiocoBorsa.GUI' in (NuovaSocieta.java:0)
	at com.tngtech.archunit.lang.ArchRule$Assertions.assertNoViolation(ArchRule.java:94)
	at com.tngtech.archunit.lang.ArchRule$Assertions.check(ArchRule.java:82)
	at com.tngtech.archunit.lang.ArchRule$Factory$SimpleArchRule.check(ArchRule.java:198)
	at com.tngtech.archunit.lang.syntax.ObjectsShouldInternal.check(ObjectsShouldInternal.java:81)
	at com.tngtech.archunit.junit.ArchRuleExecution.evaluateOn(ArchRuleExecution.java:43)
	at com.tngtech.archunit.junit.ArchUnitRunner.runChild(ArchUnitRunner.java:154)
	at com.tngtech.archunit.junit.ArchUnitRunner.runChild(ArchUnitRunner.java:63)
	at org.junit.runners.ParentRunner$3.run(ParentRunner.java:238)
	at org.junit.runners.ParentRunner$1.schedule(ParentRunner.java:63)
	at org.junit.runners.ParentRunner.runChildren(ParentRunner.java:236)
	at org.junit.runners.ParentRunner.access$000(ParentRunner.java:53)
	at org.junit.runners.ParentRunner$2.evaluate(ParentRunner.java:229)
	at com.tngtech.archunit.junit.ArchUnitRunner$1.evaluate(ArchUnitRunner.java:88)
	at org.junit.runners.ParentRunner.run(ParentRunner.java:309)
	at org.apache.maven.surefire.junit4.JUnit4Provider.execute(JUnit4Provider.java:283)
	at org.apache.maven.surefire.junit4.JUnit4Provider.executeWithRerun(JUnit4Provider.java:173)
	at org.apache.maven.surefire.junit4.JUnit4Provider.executeTestSet(JUnit4Provider.java:153)
	at org.apache.maven.surefire.junit4.JUnit4Provider.invoke(JUnit4Provider.java:128)
	at org.apache.maven.surefire.booter.ForkedBooter.invokeProviderInSameClassLoader(ForkedBooter.java:203)
	at org.apache.maven.surefire.booter.ForkedBooter.runSuitesInProcess(ForkedBooter.java:155)
	at org.apache.maven.surefire.booter.ForkedBooter.main(ForkedBooter.java:103)
]]></failure>
  </testcase>
</testsuite>